         w __deregister_frame_info
         w __register_frame_info
         w userAppExit
         w userAppInit
00000000 00000802 B __ctru_dev_utf16_buf
00000000 A __sync_synchronize
00000000 b _TLS_MODULE_BASE_
00000000 a shift
00000000 a shift
00000804 00000401 B __ctru_dev_path_buf
00100000 A __start__
00100000 T _start
00100008 T __service_ptr
0010000c T __apt_appid
00100010 T __heap_size
00100014 T __linear_heap_size
00100018 T __system_arglist
0010001c T __system_runflags
00100020 t startup
00100058 t ClearMem
0010006c t ClrLoop
00100094 T _init
001000ac T __aeabi_idiv
001000ac 00000220 T __divsi3
001000b4 t .divsi3_skip_div0_test
001002cc 00000020 T __aeabi_idivmod
001002ec 00000004 W __aeabi_idiv0
001002ec 00000004 W __aeabi_ldiv0
001002f0 T __aeabi_ldivmod
001003c4 T __aeabi_uldivmod
00100408 00000390 T strcmp
00100790 t .udivsi3_skip_div0_test
00100790 T __aeabi_uidiv
00100790 000001ec T __udivsi3
0010097c 00000020 T __aeabi_uidivmod
0010099c T __aeabi_drsub
001009a4 000002b0 T __aeabi_dsub
001009a4 000002b0 T __subdf3
001009a8 000002ac T __adddf3
001009a8 000002ac T __aeabi_dadd
00100c54 00000024 T __aeabi_ui2d
00100c54 00000024 T __floatunsidf
00100c78 00000028 T __aeabi_i2d
00100c78 00000028 T __floatsidf
00100ca0 00000048 T __aeabi_f2d
00100ca0 00000048 T __extendsfdf2
00100ce8 00000074 T __aeabi_ul2d
00100ce8 00000074 T __floatundidf
00100cfc 00000060 T __aeabi_l2d
00100cfc 00000060 T __floatdidf
00100d5c t __do_global_dtors_aux
00100dac t frame_dummy
00100dd8 00000068 t drawFrame
00100e40 0000011c t refreshGallery
00100f5c 000000b8 t saveSettings
00101014 00000084 t nowClock
00101098 000000b0 t saveCcp
00101148 000001a4 t saveBmpScaled
001012ec 000004a4 t filterFrame
00101790 00000130 t stampDate
001018c0 00000180 t setupCamera
00101a40 00000290 t saveShot
00101cd0 00000360 t fbText.constprop.0
00102030 00000104 t fbRect.constprop.0
00102134 0000034c t drawBottom
00102480 00001084 T main
00103504 000000cc t gfxPresentFramebuffer
001035d0 00000010 T gfxSet3D
001035e0 000000f8 T gfxSetScreenFormat
001036d8 00000010 T gfxSetDoubleBuffering
001036e8 000000d8 T gfxInit
001037c0 00000010 T gfxInitDefault
001037d0 000000b8 T gfxExit
00103888 000000a0 T gfxGetFramebuffer
00103928 00000100 T gfxFlushBuffers
00103a28 00000028 T gfxScreenSwapBuffers
00103a50 00000180 t aptConvertScreenForCapture
00103bd0 00000008 W aptDspSleep
00103bd8 00000004 W aptDspWakeup
00103bdc 00000004 W aptDspCancel
00103be0 00000138 T aptSendCommand
00103d18 00000044 t aptExitProcess
00103d5c 00000394 T aptExit
001040f0 000000d8 T aptHandleSleep
001041c8 00000084 T APT_SleepIfShellClosed
0010424c 00000078 T aptSetSleepAllowed
001042c4 00000084 T APT_UnlockTransition
00104348 00000470 t aptEventHandler
001047b8 000000bc T APT_ReceiveParameter
00104874 000000b0 t aptReceiveParameter.constprop.0
00104928 00000294 t aptScreenTransfer
00104bbc 000002d0 t aptWaitForWakeUp.isra.0
00104e8c 000000f4 T aptJumpToHomeMenu
00104f80 00000058 T aptMainLoop
00104fd8 00000240 T aptInit
00105218 00000090 T APT_CheckNew3DS
001052a8 000000e0 T camInit
00105388 0000005c T camExit
001053e4 00000034 T CAMU_StartCapture
00105418 00000034 T CAMU_StopCapture
0010544c 00000034 T CAMU_ClearBuffer
00105480 00000040 T CAMU_GetBufferErrorInterruptEvent
001054c0 00000060 T CAMU_SetReceiving
00105520 0000003c T CAMU_SetTransferBytes
0010555c 00000044 T CAMU_GetMaxBytes
001055a0 00000038 T CAMU_SetTrimming
001055d8 00000034 T CAMU_Activate
0010560c 00000038 T CAMU_SetAutoExposure
00105644 00000038 T CAMU_SetAutoWhiteBalance
0010567c 00000040 T CAMU_SetSize
001056bc 00000038 T CAMU_SetFrameRate
001056f4 00000040 T CAMU_SetOutputFormat
00105734 00000038 T CAMU_SetNoiseFilter
0010576c 00000038 T CAMU_SynchronizeVsyncTiming
001057a4 00000034 T CAMU_PlayShutterSound
001057d8 00000c70 t gspHardwareInit
00106448 00000288 T gspInit
001066d0 00000104 T gspExit
001067d4 00000010 T gspHasGpuRight
001067e4 000000a4 T gspPresentBuffer
00106888 00000050 T gspWaitForEvent
001068d8 00000004 W gxCmdQueueInterrupt
001068dc 00000154 t gspEventThreadMain
00106a30 00000050 T GSPGPU_FlushDataCache
00106a80 00000034 T GSPGPU_SetLcdForceBlack
00106ab4 00000084 T GSPGPU_AcquireRight
00106b38 00000064 T GSPGPU_ReleaseRight
00106b9c 0000007c T GSPGPU_ImportDisplayCaptureInfo
00106c18 0000002c T GSPGPU_SaveVramSysArea
00106c44 0000002c T GSPGPU_RestoreVramSysArea
00106c70 00000024 W hidShouldUseIrrst
00106c94 000001cc T hidInit
00106e60 000000e8 T hidExit
00106f48 000002a0 T hidScanInput
001071e8 00000010 T hidKeysDown
001071f8 000001a4 T irrstInit
0010739c 000000dc T irrstExit
00107478 000000b4 T irrstScanInput
0010752c 00000024 T irrstKeysHeld
00107550 00000038 W __libctru_init
00107588 0000016c W __system_initArgv
001076f4 00000030 T __syscall_getreent
00107724 00000064 T __syscall_gettod_r
00107788 00000004 T __syscall_lock_acquire
0010778c 00000004 T __syscall_lock_release
00107790 00000004 T __syscall_lock_acquire_recursive
00107794 00000004 T __syscall_lock_release_recursive
00107798 00000004 T __syscall_exit
0010779c 00000054 T initThreadVars
001077f0 00000080 T __system_initSyscalls
00107870 T svcControlMemory
00107890 T svcQueryMemory
001078c0 T svcExitProcess
001078c8 T svcCreateThread
001078e8 T svcExitThread
001078f0 T svcSleepThread
001078f8 T svcReleaseMutex
00107900 T svcCreateEvent
00107914 T svcSignalEvent
0010791c T svcClearEvent
00107924 T svcMapMemoryBlock
0010792c T svcUnmapMemoryBlock
00107934 T svcCreateAddressArbiter
00107948 T svcArbitrateAddressNoTimeout
00107950 T svcCloseHandle
00107958 T svcWaitSynchronization
00107960 T svcWaitSynchronizationN
00107988 T svcDuplicateHandle
0010799c T svcGetSystemTick
001079a4 T svcConnectToPort
001079b8 T svcSendSyncRequest
001079c0 T svcGetResourceLimit
001079d4 T svcGetResourceLimitLimitValues
001079dc T svcGetResourceLimitCurrentValues
001079e4 T svcBreak
001079ec W initSystem
00107a3c W __ctru_exit
00107a50 00000024 t addrMapNodeComparator(rbtree_node const*, rbtree_node const*)
00107a74 00000004 t addrMapNodeDestructor(rbtree_node*)
00107a78 0000012c T linearMemAlign
00107ba4 00000008 T linearAlloc
00107bac 0000005c T linearFree
00107c08 00000088 T MemPool::CoalesceRight(MemBlock*)
00107c90 00000178 T MemPool::Allocate(MemChunk&, unsigned long, int)
00107e08 00000118 T MemPool::Deallocate(MemChunk const&)
00107f20 00000030 T MemPool::GetFreeSpace()
00107f50 00000024 t addrMapNodeComparator(rbtree_node const*, rbtree_node const*)
00107f74 00000004 t addrMapNodeDestructor(rbtree_node*)
00107f78 00000248 T vramMemAlignAt
001081c0 0000000c T vramAlloc
001081cc 00000094 T vramFree
00108260 0000008c W envGetHandle
001082ec 00000050 W envDestroyHandles
0010833c 00000054 T osGetTimeRef
00108390 000000ec T osGetTime
0010847c 00000034 T __ctru_speedup_config
001084b0 00000164 T srvInit
00108614 00000064 T srvExit
00108678 00000060 T srvEnableNotification
001086d8 000000a0 T srvGetServiceHandleDirect
00108778 00000048 T srvGetServiceHandle
001087c0 00000034 T srvSubscribe
001087f4 00000060 T srvReceiveNotification
00108854 00000038 T srvPublishToSubscriber
0010888c 0000000c T __sync_init
00108898 00000018 T __sync_fini
001088b0 00000028 T syncArbitrateAddress
001088d8 000000ac T LightLock_Lock
00108984 00000040 T LightLock_Unlock
001089c4 00000054 T RecursiveLock_Lock
00108a18 00000054 T RecursiveLock_Unlock
00108a6c 00000044 T LightEvent_Init
00108ab0 000000b8 T LightEvent_Clear
00108b68 000000dc T LightEvent_Signal
00108c44 00000050 T LightEvent_TryWait
00108c94 000000ac T LightEvent_Wait
00108d40 000001fc T threadCreate
00108f3c 00000038 T threadFree
00108f74 00000024 T threadJoin
00108f98 00000030 T threadGetCurrent
00108fc8 00000040 T threadExit
00109008 00000020 t _thread_begin
00109028 00000090 t mappableFindAddressWithin
001090b8 00000028 T mappableInit
001090e0 0000007c T mappableAlloc
0010915c 00000004 T mappableFree
00109160 00000078 T ptmSysmInit
001091d8 0000003c T ptmSysmExit
00109214 00000034 T PTMSYSM_ConfigureNew3DSCPU
00109248 0000000c T srvPmGetSessionHandle
00109254 00000074 T rbtree_find
001092c8 00000010 T rbtree_init
001092d8 00000198 t do_insert
00109470 00000008 T rbtree_insert
00109478 00000310 T rbtree_remove
00109788 00000090 T rbtree_rotate
00109818 000001e8 W __system_allocateHeaps
00109a00 00000030 W __appExit
00109a30 00000030 W __appInit
00109a60 00000090 W __libctru_exit
00109af0 00000024 t error_cmp
00109b14 00000050 t archive_translate_error
00109b64 000000c0 t archive_seek
00109c24 00000078 t _archiveInit.part.0
00109c9c 00000110 t archiveFindDevice.part.0
00109dac 00000298 t archive_utf16path
0010a044 00000098 t _archiveUnmountDeviceStruct.part.0
0010a0dc 00000178 t _archiveMountDevice
0010a254 000000f8 t archive_diropen
0010a34c 000000ac t archive_fstat
0010a3f8 00000074 t archive_fsync
0010a46c 00000074 t archive_close
0010a4e0 00000078 t archive_dirclose
0010a558 000000ec t sdmc_statvfs
0010a644 000000f8 t archive_chdir
0010a73c 0000008c t archive_ftruncate
0010a7c8 000000bc t archive_read
0010a884 000000a8 t archive_unlink
0010a92c 000000c0 t archive_rmdir
0010a9ec 000000d8 t archive_mkdir
0010aac4 000001a0 t archive_stat
0010ac64 00000164 t archive_dirnext
0010adc8 0000013c t archive_write
0010af08 00000254 t archive_open
0010b15c 00000270 t archive_rename
0010b3cc 000001c8 T archiveMountSdmc
0010b594 00000054 T archiveUnmountAll
0010b5e8 00000104 T fsInit
0010b6ec 0000003c T fsExit
0010b728 00000068 T fsExemptFromSession
0010b790 00000050 T fsUnexemptFromSession
0010b7e0 000000cc T FSUSER_OpenFile
0010b8ac 000000b8 T FSUSER_DeleteFile
0010b964 000000f4 T FSUSER_RenameFile
0010ba58 000000b8 T FSUSER_DeleteDirectory
0010bb10 000000d0 T FSUSER_CreateFile
0010bbe0 000000c0 T FSUSER_CreateDirectory
0010bca0 000000f4 T FSUSER_RenameDirectory
0010bd94 000000b4 T FSUSER_OpenDirectory
0010be48 00000090 T FSUSER_OpenArchive
0010bed8 0000008c T FSUSER_CloseArchive
0010bf64 00000074 T FSUSER_GetSdmcArchiveResource
0010bfd8 00000064 T FSUSER_IsSdmcWritable
0010c03c 00000064 T FSFILE_Read
0010c0a0 0000006c T FSFILE_Write
0010c10c 00000044 T FSFILE_GetSize
0010c150 00000028 T FSFILE_SetSize
0010c178 0000003c T FSFILE_Close
0010c1b4 00000024 T FSFILE_Flush
0010c1d8 00000060 T FSDIR_Read
0010c238 0000003c T FSDIR_Close
0010c274 00000060 T rbtree_node_next
0010c2d4 00000140 T decode_utf8
0010c414 000000e8 T utf16_to_utf8
0010c4fc 000000c0 T utf8_to_utf16
0010c5bc T __aeabi_read_tp
0010c5c8 00000054 T decode_utf16
0010c61c 00000054 T encode_utf16
0010c670 000000e0 T encode_utf8
0010c750 0000002c T __aeabi_d2lz
0010c750 0000002c T __fixdfdi
0010c780 00000040 T __aeabi_d2ulz
0010c780 00000040 T __fixunsdfdi
0010c7c0 00000130 T __udivmoddi4
0010c8f0 000000e4 T strncat
0010c9d4 00000128 T memcpy
0010cafc 0000008c T strlen
0010cb88 00000334 T _fread_r
0010cebc 00000038 T fread
0010cef4 00000078 T bsearch
0010cf6c 00000134 T _fopen_r
0010d0a0 00000028 T fopen
0010d0c8 00000028 T memalign
0010d0f0 00000068 T strcasecmp
0010d158 000000a0 T snprintf
0010d1f8 000001ec t _strtoul_l.isra.0
0010d3e4 00000038 T _strtoul_r
0010d41c 0000003c T strtoul
0010d458 00000058 T remove
0010d4b0 0000016c T _memalign_r
0010d61c 0000000c T __errno
0010d628 00000164 T __smakebuf_r
0010d78c 000000e4 T memset
0010d870 0000022c T __sflush_r
0010da9c 000000c4 T _fflush_r
0010db60 00000104 T _fwrite_r
0010dc64 00000038 T fwrite
0010dc9c 0000003c T fscanf
0010dcd8 0000082c T _malloc_r
0010e504 00000114 T _malloc_trim_r
0010e618 00000314 T _free_r
0010e92c 0000001c t stdio_exit_handler
0010e948 0000005c t cleanup_stdio
0010e9a4 00000154 t global_stdio_init.part.0
0010eaf8 00000138 T __sfp
0010ec30 0000005c T __sinit
0010ec8c 0000000c T __sfp_lock_acquire
0010ec98 0000000c T __sfp_lock_release
0010eca4 00000084 T __libc_init_array
0010ed28 000000d4 T strncpy
0010edfc 0000001c T _fseek_r
0010ee18 00000040 T malloc
0010ee58 00000020 T free
0010ee78 00000048 T strrchr
0010eec0 00000044 T __sread
0010ef04 00000008 T __seofread
0010ef0c 00000068 T __swrite
0010ef74 00000040 T __sseek
0010efb4 00000008 T __sclose
0010efbc 0000001c T localtime
0010efd8 0000000c T __malloc_lock
0010efe4 0000000c T __malloc_unlock
0010eff0 00000588 T _fseeko_r
0010f578 00000148 T _fclose_r
0010f6c0 00000020 T fclose
0010f6e0 00000048 T time
0010f728 0000003c T fprintf
0010f764 00000004 W __call_exitprocs
0010f768 00000030 T exit
0010f798 000005e0 t get_arg
0010fd78 0000345c T _svfprintf_r
001131d4 000000b8 T __sflags
0011328c 0000003c T __libc_fini_array
001132c8 0000003c T strnlen
00113304 000000d8 T strncmp
001133dc 00000038 t lflush
00113414 000001a8 T __srefill_r
001135c0 00000088 T frexp
00113648 00000070 T _fwalk_sglue
001136b8 000005e0 t get_arg
00113c98 00003554 T _vfprintf_r
001171ec 000000b4 t __sbprintf
001172a0 000000a0 T _wcrtomb_r
00117340 000000a4 T __ssprint_r
001173e4 000004a4 T __sfvwrite_r
00117888 00000140 T strchr
001179c8 00000024 T __locale_mb_cur_max
001179ec 00000030 T __sprint_r
00117a1c 0000035c T localtime_r
00117d78 00000050 t get_arg
00117dc8 00002bc4 T __svfscanf_r
0011a98c 00000040 T _vfscanf_r
0011a9cc 00000258 T __tzcalc_limits
0011ac24 000001c0 t quorem
0011ade8 00001420 T _dtoa_r
0011c208 00000384 t _strtol_l.part.0
0011c58c 0000006c T _strtol_r
0011c5f8 00000010 T _tzset_unlocked
0011c608 000000e8 T memchr
0011c6f0 00000028 T _wcsrtombs_r
0011c718 00000140 T __swsetup_r
0011c858 0000000c T __gettzinfo
0011c864 000000dc T _findenv_r
0011c940 00000018 T _getenv_r
0011c958 00000024 T _localeconv_r
0011c97c 000001a8 T memmove
0011cb24 000004f0 T _realloc_r
0011d014 0000012c T __ssputs_r
0011d140 000000f8 T __utf8_wctomb
0011d238 0000025c T gmtime_r
0011d494 00000648 T _tzset_unlocked_r
0011dadc 0000015c T _wcsnrtombs_l
0011dc38 00000064 T _wcsnrtombs_r
0011dc9c 00000068 T sprintf
0011dd04 0000000c T nanf
0011dd10 000000dc T stpncpy
0011ddec 0000000c T __env_lock
0011ddf8 0000000c T __env_unlock
0011de04 0000005c T __assert_func
0011de60 00000008 T iswspace
0011de68 00000088 T _Balloc
0011def0 0000001c T _Bfree
0011df0c 000000f4 T __multadd
0011e000 0000010c T __s2b
0011e10c 00000080 T __hi0bits
0011e18c 000000f0 T __lo0bits
0011e27c 000000a4 T __i2b
0011e320 00000230 T __multiply
0011e550 00000130 T __pow5mult
0011e680 00000138 T __lshift
0011e7b8 00000058 T __mcmp
0011e810 00000218 T __mdiff
0011ea28 00000068 T __ulp
0011ea90 000000d4 T __b2d
0011eb64 00000120 T __d2b
0011ec84 00000078 T __ratio
0011ecfc 0000008c T __copybits
0011ed88 0000005c T __any_on
0011ede4 00000060 t sulp
0011ee48 00001428 T _strtod_l
00120270 00000044 T _strtod_r
001202b4 00000264 t _strtoull_l.isra.0
00120518 00000038 T _strtoull_r
00120550 000000f4 t rshift
00120644 000008b4 T __gethex
00120ef8 000000b8 T __submore
00120fb0 00000230 T _ungetc_r
001211e0 00000340 T __utf8_mbtowc
00121520 0000003c T fiprintf
0012155c 000000c4 T _mbrtowc_r
00121620 0000000c T __tz_lock
0012162c 0000000c T __tz_unlock
00121638 000000f8 T __sccl
00121730 00000014 T abort
00121744 0000047c t _strtoll_l.isra.0
00121bc0 00000038 T _strtoll_r
00121bf8 000000f0 T strcpy
00121ce8 000000d8 T _calloc_r
00121dc0 00000028 T realloc
00121de8 00000078 T siscanf
00121e60 00000038 T iswspace_l
00121e98 000005e0 t get_arg
00122478 000022f8 T _vfiprintf_r
00124770 000000b4 t __sbprintf
00124824 00000070 T __match
00124894 000002a8 T __hexnan
00124b40 00000010 T nan
00124b50 0000009c T _raise_r
00124bec 00000020 T raise
00124c0c 00000090 T category
00124c9c 00000050 t get_arg
00124cec 000000e4 T _sungetc_r
00124dd0 0000006c T __ssrefill_r
00124e3c 000000b4 T _sfread_r
00124ef0 000022c4 T __ssvfiscanf_r
001271b4 00000020 T _exit
001271d4 00000140 T chdir
00127314 000001c8 T _concatenate_path
001274dc 00000070 t __dirnext
0012754c 00000114 T opendir
00127660 00000098 T closedir
001276f8 000000f8 T readdir_r
001277f0 00000048 T readdir
00127838 0000009c T _fstat_r
001278d4 00000014 T _getpid_r
001278e8 0000002c T __getreent
00127914 00000030 T _gettimeofday_r
00127944 000000a0 T __release_handle
001279e4 000000b0 T __alloc_handle
00127a94 00000058 T __get_handle
00127aec 00000110 T _close_r
00127bfc 00000008 t null_write
00127c04 00000018 T setDefaultDevice
00127c1c 00000098 T FindDevice
00127cb4 00000024 T RemoveDevice
00127cd8 00000088 T AddDevice
00127d60 00000020 T GetDeviceOpTab
00127d80 00000008 T _isatty_r
00127d88 00000014 T _kill_r
00127d9c 00000094 T _lseek_r
00127e30 00000068 T mkdir
00127e98 000000c0 T _open_r
00127f58 00000094 T _read_r
00127fec 0000007c T _rmdir_r
00128068 00000078 W _sbrk_r
001280e0 0000001c T __libc_lock_acquire
001280fc 0000001c T __libc_lock_release
00128118 0000001c T __libc_lock_acquire_recursive
00128134 0000001c T __libc_lock_release_recursive
00128150 00000078 T _unlink_r
001281c8 00000094 T _write_r
0012825c T _fini
00129028 00000030 r p.1
00129058 00000103 r font
0012915c 0000003c r filterNames
0012966c r .LC2
001298c0 00000008 r morton_y.2
001298c8 00000008 r morton_x.3
001298d0 00000008 r s_sleepWakeEvents.4
001298d8 0000000c r serviceNameTable.5
001298e4 00000030 r error_table
00129914 00000080 r archive_devoptab
00129ac0 00000010 r zeroes.0
00129ad0 00000010 r blanks.1
00129ae0 00000101 R _ctype_
00129ccc 00000010 r zeroes.0
00129cdc 00000010 r blanks.1
00129cec 0000006c R __action_table
00129d58 0000006c R __state_table
00129dc4 00000100 R __chclass
00129fd8 00000022 r basefix.0
0012a004 00000060 R __month_lengths
0012a064 0000000c r p05.0
0012a070 00000028 R __mprec_bigtens
0012a098 000000c8 R __mprec_tens
0012a1c4 00000014 r fpinan.0
0012a1d8 00000014 r fpi.1
0012a1f0 00000028 r tinytens
0012a218 00000100 R __hexdig
0012a404 00000010 r zeroes.0
0012a414 00000010 r blanks.1
0012a424 000037f8 r categories
0012dc9c 00000022 r basefix.0
0012dcc0 00000080 R dotab_stdnull
0012dd40 R __tdata_align
0012dd44 r __EH_FRAME_BEGIN__
0012dd44 R __exidx_end
0012dd44 R __exidx_start
0012e000 00000004 d aptChainloadDeliverArgSize
0012e004 00000004 d kCount
0012e008 00000004 d kInterval
0012e00c 00000004 d kDelay
0012e010 W __stacksize__
0012e014 00000004 D _impure_ptr
0012e018 00000200 D _impure_data
0012e218 00000004 D __malloc_sbrk_base
0012e21c 00000004 D __malloc_trim_threshold
0012e220 00000408 D __malloc_av_
0012e628 0000000c D __sglue
0012e634 00000254 D __global_locale
0012e888 00000058 d tzinfo
0012e8e0 00000008 D _tzname
0012e8e8 00000004 D environ
0012e8ec 00000400 d _current_working_directory
0012ecf0 00001000 d handles
0012fcf0 0000000c d __stderr_handle
0012fcfc 0000000c d __stdout_handle
0012fd08 0000000c d __stdin_handle
0012fd14 0000008c D devoptab_list
0012fda0 00000004 d defaultDevice
0012fdac d _GLOBAL_OFFSET_TABLE_
0012fdb8 d __frame_dummy_init_array_entry
0012fdb8 D __init_array_start
0012fdb8 B __preinit_array_end
0012fdb8 B __preinit_array_start
0012fdb8 D __tdata_lma
0012fdb8 D __tdata_lma_end
0012fdbc d __do_global_dtors_aux_fini_array_entry
0012fdbc D __fini_array_start
0012fdbc D __init_array_end
0012fdc0 D __bss_start__
0012fdc0 D __fini_array_end
0012fdc0 00017700 b lumaBuf.0
001474c0 0002ee00 b anaglyphFrame
001762c0 0002ee00 b shotFrame
001a50c0 0002ee00 b galleryFrame
001d3ec0 0002ee00 b rightFrame
00202cc0 0002ee00 b frame
00231ac0 b completed.1
00231ac4 b object.0
00231adc 00000004 b screenAlloc
00231ae0 00000004 b screenFree
00231ae4 00000002 b gfxIsDoubleBuf
00231ae8 00000002 b gfxCurBuf
00231aea 00000001 b gfxIsVram
00231aeb 00000001 b gfxTopMode
00231aec 00000002 b gfxFramebufferFormats
00231af0 00000004 b gfxBottomFramebufferMaxSize
00231af4 00000004 b gfxTopFramebufferMaxSize
00231af8 00000008 b gfxBottomFramebuffers
00231b00 00000008 b gfxTopFramebuffers
00231b08 00000001 b flagValue.0
00231b09 00000001 b flagInit.1
00231b0c 00000004 b serviceName.6
00231b10 00000001 b aptChainloadFlags
00231b11 00000001 b aptChainloadMediatype
00231b14 00000020 b aptChainloadHmac
00231b34 00000300 b aptChainloadDeliverArg
00231e38 00000008 b aptChainloadTid
00231e40 00001000 b aptParameters
00232e40 00000004 b aptFlags
00232e44 00000001 b aptHomeButtonState
00232e48 00000004 b aptMessageFuncData
00232e4c 00000004 b aptMessageFunc
00232e50 0000000c b aptFirstHook
00232e5c 00000001 b aptEventHandlerThreadQuit
00232e60 00000004 b aptEventHandlerThread
00232e64 00000008 b aptSleepEvent
00232e6c 00000008 b aptReceiveEvent
00232e74 00000008 b aptEvents
00232e7c 00000004 b aptLockHandle
00232e80 00000004 b aptRefCount
00232e84 00000004 b camRefCount
00232e88 00000004 B camHandle
00232e8c 00000007 b gspEventCbOneShot
00232e94 0000001c b gspEventCbData
00232eb0 0000001c b gspEventCb
00232ecc 00000038 b gspEvents
00232f04 00000004 b gspLastEvent
00232f08 00000001 b gspRunEvents
00232f0c 00000004 b gspEventThread
00232f10 00000004 b gspEvent
00232f14 00000001 b gspGpuRight
00232f15 00000001 b gspThreadId
00232f18 00000004 b gspSharedMem
00232f1c 00000004 b gspSharedMemHandle
00232f20 00000004 b gspRefCount
00232f24 00000004 b gspGpuHandle
00232f28 00000001 b usingIrrst
00232f2c 00000004 b hidRefCount
00232f30 00000006 b gRate
00232f38 00000006 b aVec
00232f40 00000004 b cPos
00232f44 00000004 b tPos
00232f48 00000004 b kRepeat
00232f4c 00000004 b kUp
00232f50 00000004 b kDown
00232f54 00000004 b kHeld
00232f58 00000004 b kOld
00232f5c 00000004 B hidSharedMem
00232f60 00000014 B hidEvents
00232f74 00000004 B hidMemHandle
00232f78 00000004 B hidHandle
00232f7c 00000004 b irrstRefCount
00232f80 00000004 b csPos
00232f84 00000004 b kHeld
00232f88 00000004 B irrstSharedMem
00232f8c 00000004 B irrstEvent
00232f90 00000004 B irrstMemHandle
00232f94 00000004 B irrstHandle
00232f98 00000004 B __system_retAddr
00232f9c 00000004 B __system_argv
00232fa0 00000004 B __system_argc
00232fa4 b saved_stack
00232fb0 00000008 b sLinearPool
00232fb8 0000000c b sAddrMap
00232fc8 00000008 b sVramPoolB
00232fd0 00000008 b sVramPoolA
00232fd8 0000000c b sAddrMap
00232fe4 00000004 B __3dslink_host
00232fe8 00000001 V __ctru_speedup
00232fec 00000004 b srvRefCount
00232ff0 00000004 b srvHandle
00232ff4 00000004 b arbiter
00232ff8 00000004 b currentAddr
00232ffc 00000004 b maxAddr
00233000 00000004 b minAddr
00233004 00000004 b ptmSysmRefCount
00233008 00000004 b ptmSysmHandle
0023300c 00000004 b srvPmHandle
00233010 00000004 V __ctru_linear_heap_size
00233014 00000004 V __ctru_heap_size
00233018 00000004 B __ctru_linear_heap
0023301c 00000004 B __ctru_heap
00233020 000005c0 b archive_devices
002335e0 00000004 b archive_device_cwd
002335e4 00000001 b archive_initialized
002335e8 00000080 b fsExemptArchives
00233668 00000004 b fsuRefCount
0023366c 00000004 b fsuHandle
00233670 00000028 B __malloc_current_mallinfo
00233698 00000004 B __malloc_max_total_mem
0023369c 00000004 B __malloc_max_sbrked_mem
002336a0 00000004 B __malloc_top_pad
002336a4 0000000c b __sfp_recursive_mutex
002336b0 00000168 B __sf
00233818 00000004 B __stdio_exit_handler
0023381c 0000000c b __malloc_recursive_mutex
00233828 00000004 b prev_tzenv
0023382c 0000000c b __tzname_dst
00233838 0000000c b __tzname_std
00233844 0000000c b __env_recursive_mutex
00233850 00000004 B _timezone
00233854 00000004 B _daylight
00233858 00000004 b __tz_mutex
0023385c 00000004 b initial_env
00233860 00000400 b temp_cwd
00233c60 00000004 b __hndl_lock
00233c64 00000004 B fake_heap_start
00233c68 00000004 B fake_heap_end
00233c6c 00000004 b heap_start.0
00233c70 B __tls_start
00234878 B __bss_end__
00234878 A __end__
00234878 B __tls_end
